<?xml version="1.0" encoding="UTF-8"?>
<testsuite name="org.ait.dogservices.apitests.clinic.GetAllClinicTest" tests="1" skipped="0" failures="0" errors="0" timestamp="2023-11-20T12:07:42" hostname="NATA-BOD" time="0.154">
  <properties/>
  <testcase name="getAllClinicsSuccessTest" classname="org.ait.dogservices.apitests.clinic.GetAllClinicTest" time="0.154"/>
  <system-out><![CDATA[8***Veterinary practice
=========================================
9***Kleintierklinik
=========================================
10***Tierarztpraxis
=========================================
11***TierKlinik
=========================================
12***Veterinärkrankenhaus
=========================================
13***Veterinary clinic
=========================================
14***Pets clinic
=========================================
17***Vetclinic
=========================================
18***Pets clinic
=========================================
1***Pets clinic
=========================================
20***Pets clinic
=========================================
21***Pets clinic
=========================================
22***Pets clinic
=========================================
23***Pets clinic
=========================================
24***Pets clinic
=========================================
44***Pets clinic
=========================================
28***Pets clinic
=========================================
29***Pets clinic
=========================================
30***Pets clinic
=========================================
183***Pets clinic
=========================================
38***Pets clinic
=========================================
39***Pets clinic
=========================================
40***Pets clinic
=========================================
126***Pets clinic
=========================================
43***Pets clinic
=========================================
184***Pets clinic
=========================================
179***Pets clinic
=========================================
127***Pets clinic
=========================================
181***Pets clinic
=========================================
117***Pets clinic
=========================================
182***Pets clinic
=========================================
15***Hunde clinic
=========================================
119***Pets clinic
=========================================
185***Pets clinic
=========================================
128***Pets clinic
=========================================
186***Pets clinic
=========================================
122***Pets clinic
=========================================
123***Pets clinic
=========================================
124***Pets clinic
=========================================
187***Pets clinic
=========================================
]]></system-out>
  <system-err><![CDATA[]]></system-err>
</testsuite>
