15785 [Test worker] INFO  o.a.d.mobtests.TestBaseMob -- Start test getAllClinicsTest with data: []
18677 [Test worker] ERROR o.a.d.mobtests.TestBaseMob -- FAILED: getAllClinicsTest
18677 [Test worker] INFO  o.a.d.mobtests.TestBaseMob -- Stop test
18677 [Test worker] ERROR o.a.d.mobtests.TestBaseMob -- *********************************************
31856 [Test worker] INFO  o.a.d.mobtests.TestBaseMob -- Start test getClinicsByCityTest with data: []
34489 [Test worker] ERROR o.a.d.mobtests.TestBaseMob -- FAILED: getClinicsByCityTest
34490 [Test worker] INFO  o.a.d.mobtests.TestBaseMob -- Stop test
34491 [Test worker] ERROR o.a.d.mobtests.TestBaseMob -- *********************************************
